gitpod /workspace/aws-bootcamp-cruddur-2023 (main) $ docker images
REPOSITORY   TAG       IMAGE ID   CREATED   SIZE
gitpod /workspace/aws-bootcamp-cruddur-2023 (main) $ docker ps -a
CONTAINER ID   IMAGE     COMMAND   CREATED   STATUS    PORTS     NAMES
gitpod /workspace/aws-bootcamp-cruddur-2023 (main) $ docker build -f ./backend-flask/Dockerfile_multi_stage  -t backend_flask:multi_st_prod --target=PRODUCTION ./backend-flask/
Sending build context to Docker daemon  39.42kB
Step 1/9 : FROM python:3.10-slim-buster AS BASE
3.10-slim-buster: Pulling from library/python
29cd48154c03: Pull complete 
2c59e55cfd71: Pull complete 
3b4b58298de0: Pull complete 
6239e464c1ab: Pull complete 
609722ad05b6: Pull complete 
Digest: sha256:c059afb019e7aea99777e54b3e0ff8c970ef552b737fb4acbd842916c751fcfd
Status: Downloaded newer image for python:3.10-slim-buster
 ---> 934047247b20
Step 2/9 : WORKDIR /backend-flask
 ---> Running in ec9085485381
Removing intermediate container ec9085485381
 ---> be89244c6815
Step 3/9 : COPY requirements.txt requirements.txt
 ---> c35c409f919c
Step 4/9 : RUN pip3 install -r requirements.txt
 ---> Running in 1d76b0bc4dd5
Collecting flask
  Downloading Flask-2.2.3-py3-none-any.whl (101 kB)
     ━━━━━━━━━━━━━━━━━━━━━━━━━━━━━━━━━━━━━━━ 101.8/101.8 kB 5.8 MB/s eta 0:00:00
Collecting flask-cors
  Downloading Flask_Cors-3.0.10-py2.py3-none-any.whl (14 kB)
Collecting itsdangerous>=2.0
  Downloading itsdangerous-2.1.2-py3-none-any.whl (15 kB)
Collecting click>=8.0
  Downloading click-8.1.3-py3-none-any.whl (96 kB)
     ━━━━━━━━━━━━━━━━━━━━━━━━━━━━━━━━━━━━━━━━ 96.6/96.6 kB 21.9 MB/s eta 0:00:00
Collecting Jinja2>=3.0
  Downloading Jinja2-3.1.2-py3-none-any.whl (133 kB)
     ━━━━━━━━━━━━━━━━━━━━━━━━━━━━━━━━━━━━━━ 133.1/133.1 kB 42.8 MB/s eta 0:00:00
Collecting Werkzeug>=2.2.2
  Downloading Werkzeug-2.2.3-py3-none-any.whl (233 kB)
     ━━━━━━━━━━━━━━━━━━━━━━━━━━━━━━━━━━━━━━ 233.6/233.6 kB 70.1 MB/s eta 0:00:00
Collecting Six
  Downloading six-1.16.0-py2.py3-none-any.whl (11 kB)
Collecting MarkupSafe>=2.0
  Downloading MarkupSafe-2.1.2-cp310-cp310-manylinux_2_17_x86_64.manylinux2014_x86_64.whl (25 kB)
Installing collected packages: Six, MarkupSafe, itsdangerous, click, Werkzeug, Jinja2, flask, flask-cors
Successfully installed Jinja2-3.1.2 MarkupSafe-2.1.2 Six-1.16.0 Werkzeug-2.2.3 click-8.1.3 flask-2.2.3 flask-cors-3.0.10 itsdangerous-2.1.2
WARNING: Running pip as the 'root' user can result in broken permissions and conflicting behaviour with the system package manager. It is recommended to use a virtual environment instead: https://pip.pypa.io/warnings/venv

[notice] A new release of pip available: 22.3.1 -> 23.0.1
[notice] To update, run: pip install --upgrade pip
Removing intermediate container 1d76b0bc4dd5
 ---> 50ffa11e9d1d
Step 5/9 : FROM BASE AS PRODUCTION
 ---> 50ffa11e9d1d
Step 6/9 : COPY . .
 ---> d94a40c06dba
Step 7/9 : ENV FLASK_ENV=development
 ---> Running in e0753772c989
Removing intermediate container e0753772c989
 ---> 3c84dc31bbcf
Step 8/9 : EXPOSE ${PORT}
 ---> Running in 5dbbb7fb22be
Removing intermediate container 5dbbb7fb22be
 ---> 23aa44b5da37
Step 9/9 : CMD [ "python3", "-m" , "flask", "run", "--host=0.0.0.0", "--port=4567"]
 ---> Running in 784c226e9844
Removing intermediate container 784c226e9844
 ---> 332a2a8ee75c
Successfully built 332a2a8ee75c
Successfully tagged backend_flask:multi_st_prod
gitpod /workspace/aws-bootcamp-cruddur-2023 (main) $ docker build -f ./backend-flask/Dockerfile_multi_stage  -t backend_flask:multi_st_dev --target=DEVELOPMENT ./backend-flask/
Sending build context to Docker daemon  39.42kB
Step 1/16 : FROM python:3.10-slim-buster AS BASE
 ---> 934047247b20
Step 2/16 : WORKDIR /backend-flask
 ---> Using cache
 ---> be89244c6815
Step 3/16 : COPY requirements.txt requirements.txt
 ---> Using cache
 ---> c35c409f919c
Step 4/16 : RUN pip3 install -r requirements.txt
 ---> Using cache
 ---> 50ffa11e9d1d
Step 5/16 : FROM BASE AS PRODUCTION
 ---> 50ffa11e9d1d
Step 6/16 : COPY . .
 ---> Using cache
 ---> d94a40c06dba
Step 7/16 : ENV FLASK_ENV=development
 ---> Using cache
 ---> 3c84dc31bbcf
Step 8/16 : EXPOSE ${PORT}
 ---> Using cache
 ---> 23aa44b5da37
Step 9/16 : CMD [ "python3", "-m" , "flask", "run", "--host=0.0.0.0", "--port=4567"]
 ---> Using cache
 ---> 332a2a8ee75c
Step 10/16 : FROM BASE AS DEVELOPMENT
 ---> 50ffa11e9d1d
Step 11/16 : COPY . .
 ---> Using cache
 ---> d94a40c06dba
Step 12/16 : ENV FLASK_ENV=development
 ---> Using cache
 ---> 3c84dc31bbcf
Step 13/16 : EXPOSE ${PORT}
 ---> Using cache
 ---> 23aa44b5da37
Step 14/16 : ADD run_flask_server.sh /
 ---> f34df0e918ec
Step 15/16 : RUN chmod 777 /run_flask_server.sh
 ---> Running in aa6180a78237
Removing intermediate container aa6180a78237
 ---> 1b82e69bc740
Step 16/16 : CMD ["/run_flask_server.sh"]
 ---> Running in 92434eefae2f
Removing intermediate container 92434eefae2f
 ---> f993c8c2e4c6
Successfully built f993c8c2e4c6
Successfully tagged backend_flask:multi_st_dev
gitpod /workspace/aws-bootcamp-cruddur-2023 (main) $ docker images
REPOSITORY      TAG                IMAGE ID       CREATED         SIZE
backend_flask   multi_st_dev       f993c8c2e4c6   7 minutes ago   129MB
backend_flask   multi_st_prod      332a2a8ee75c   9 minutes ago   129MB
python          3.10-slim-buster   934047247b20   11 hours ago    118MB
gitpod /workspace/aws-bootcamp-cruddur-2023 (main) $ 